<?xml version="1.0" encoding="UTF-8"?>
<!-- Generated by org.testng.reporters.JUnitReportReporter -->
<testsuite skipped="0" hostname="DESKTOP-HG4UHSB" name="Firstpackage.LoginTest" tests="3" failures="0" timestamp="2022-03-16T09:18:28 IST" time="0.061" errors="0">
  <testcase name="TC3" time="0.006" classname="Firstpackage.LoginTest"/>
  <system-out>
    <![CDATA[I am login information from TC3]]>
  </system-out>
  <testcase name="TC2" time="0.016" classname="Firstpackage.LoginTest"/>
  <system-out/>
  <testcase name="TC1" time="0.039" classname="Firstpackage.LoginTest"/>
  <system-out/>
</testsuite> <!-- Firstpackage.LoginTest -->
